[debug] [2023-05-19T19:10:59.775Z] ----------------------------------------------------------------------
[debug] [2023-05-19T19:10:59.783Z] Command:       C:\Program Files\nodejs\node.exe C:\Users\KORISNIK\AppData\Roaming\npm\node_modules\firebase-tools\lib\bin\firebase.js init
[debug] [2023-05-19T19:10:59.785Z] CLI Version:   12.1.0
[debug] [2023-05-19T19:10:59.787Z] Platform:      win32
[debug] [2023-05-19T19:10:59.788Z] Node Version:  v18.14.2
[debug] [2023-05-19T19:10:59.791Z] Time:          Fri May 19 2023 21:10:59 GMT+0200 (Central European Summer Time)
[debug] [2023-05-19T19:10:59.792Z] ----------------------------------------------------------------------
[debug] 
[debug] [2023-05-19T19:10:59.822Z] > command requires scopes: ["email","openid","https://www.googleapis.com/auth/cloudplatformprojects.readonly","https://www.googleapis.com/auth/firebase","https://www.googleapis.com/auth/cloud-platform"]
[debug] [2023-05-19T19:10:59.824Z] > authorizing via signed-in user (kosharun04@gmail.com)
[info] 
     ######## #### ########  ######## ########     ###     ######  ########
     ##        ##  ##     ## ##       ##     ##  ##   ##  ##       ##
     ######    ##  ########  ######   ########  #########  ######  ######
     ##        ##  ##    ##  ##       ##     ## ##     ##       ## ##
     ##       #### ##     ## ######## ########  ##     ##  ######  ########

You're about to initialize a Firebase project in this directory:

  C:\Users\KORISNIK\Desktop\quizapp\quiz-app

[info] 
=== Project Setup
[info] 
[info] First, let's associate this project directory with a Firebase project.
[info] You can create multiple project aliases by running firebase use --add, 
[info] but for now we'll just set up a default project.
[info] 
[debug] [2023-05-19T19:14:19.037Z] >>> [apiv2][query] GET https://firebase.googleapis.com/v1beta1/projects pageSize=100
[debug] [2023-05-19T19:14:19.727Z] <<< [apiv2][status] GET https://firebase.googleapis.com/v1beta1/projects 200
[debug] [2023-05-19T19:14:19.727Z] <<< [apiv2][body] GET https://firebase.googleapis.com/v1beta1/projects [omitted]
[info] i  Using project quiz-app-e0543 (quiz-app) 
[info] 
=== Hosting Setup
[info] 
[info] Your public directory is the folder (relative to your project directory) that
[info] will contain Hosting assets to be uploaded with firebase deploy. If you
[info] have a build process for your assets, use your build's output directory.
[info] 
